<?xml version="1.0" encoding="UTF-8" standalone="no"?><testsuites><testsuite errors="0" failures="0" hostname="3b0d65ef_samsung_GT-I9505" name="com.example.apptest.test" tests="4" time="5.0480" timestamp="Wed Feb 04 15:13:34 HKT 2015"><properties><property name="java.runtime.name" value="Java(TM) SE Runtime Environment"/><property name="sun.boot.library.path" value="/Library/Java/JavaVirtualMachines/jdk1.8.0_25.jdk/Contents/Home/jre/lib"/><property name="java.vm.version" value="25.25-b02"/><property name="user.country.format" value="HK"/><property name="gopherProxySet" value="false"/><property name="java.vm.vendor" value="Oracle Corporation"/><property name="java.vendor.url" value="http://java.oracle.com/"/><property name="guice.disable.misplaced.annotation.check" value="true"/><property name="path.separator" value=":"/><property name="java.vm.name" value="Java HotSpot(TM) 64-Bit Server VM"/><property name="file.encoding.pkg" value="sun.io"/><property name="user.country" value="US"/><property name="sun.java.launcher" value="SUN_STANDARD"/><property name="sun.os.patch.level" value="unknown"/><property name="java.vm.specification.name" value="Java Virtual Machine Specification"/><property name="user.dir" value="/Users/deengao/Documents/workspace_Juno/AppUITest_Maven"/><property name="java.runtime.version" value="1.8.0_25-b17"/><property name="java.awt.graphicsenv" value="sun.awt.CGraphicsEnvironment"/><property name="java.endorsed.dirs" value="/Library/Java/JavaVirtualMachines/jdk1.8.0_25.jdk/Contents/Home/jre/lib/endorsed"/><property name="os.arch" value="x86_64"/><property name="java.io.tmpdir" value="/var/folders/dq/wl7rqvj53hzbgs7_5j8fbwr40000gn/T/"/><property name="line.separator" value="&#10;"/><property name="java.vm.specification.vendor" value="Oracle Corporation"/><property name="os.name" value="Mac OS X"/><property name="classworlds.conf" value="/Users/deengao/Documents/workspace_Juno/.metadata/.plugins/org.eclipse.m2e.launching/launches/m2conf6942595357081405887.tmp"/><property name="sun.jnu.encoding" value="UTF-8"/><property name="java.library.path" value="/Users/deengao/Library/Java/Extensions:/Library/Java/Extensions:/Network/Library/Java/Extensions:/System/Library/Java/Extensions:/usr/lib/java:."/><property name="java.specification.name" value="Java Platform API Specification"/><property name="java.class.version" value="52.0"/><property name="sun.management.compiler" value="HotSpot 64-Bit Tiered Compilers"/><property name="os.version" value="10.10.1"/><property name="http.nonProxyHosts" value="local|*.local|169.254/16|*.169.254/16"/><property name="user.home" value="/Users/deengao"/><property name="user.timezone" value="Asia/Hong_Kong"/><property name="java.awt.printerjob" value="sun.lwawt.macosx.CPrinterJob"/><property name="file.encoding" value="UTF-8"/><property name="java.specification.version" value="1.8"/><property name="java.class.path" value="/Users/deengao/Desktop/maven/boot/plexus-classworlds-2.4.jar"/><property name="user.name" value="deengao"/><property name="java.vm.specification.version" value="1.8"/><property name="sun.java.command" value="org.codehaus.plexus.classworlds.launcher.Launcher -B -X -e clean install"/><property name="java.home" value="/Library/Java/JavaVirtualMachines/jdk1.8.0_25.jdk/Contents/Home/jre"/><property name="sun.arch.data.model" value="64"/><property name="user.language" value="en"/><property name="java.specification.vendor" value="Oracle Corporation"/><property name="awt.toolkit" value="sun.lwawt.macosx.LWCToolkit"/><property name="java.vm.info" value="mixed mode"/><property name="java.version" value="1.8.0_25"/><property name="java.ext.dirs" value="/Users/deengao/Library/Java/Extensions:/Library/Java/JavaVirtualMachines/jdk1.8.0_25.jdk/Contents/Home/jre/lib/ext:/Library/Java/Extensions:/Network/Library/Java/Extensions:/System/Library/Java/Extensions:/usr/lib/java"/><property name="sun.boot.class.path" value="/Library/Java/JavaVirtualMachines/jdk1.8.0_25.jdk/Contents/Home/jre/lib/resources.jar:/Library/Java/JavaVirtualMachines/jdk1.8.0_25.jdk/Contents/Home/jre/lib/rt.jar:/Library/Java/JavaVirtualMachines/jdk1.8.0_25.jdk/Contents/Home/jre/lib/sunrsasign.jar:/Library/Java/JavaVirtualMachines/jdk1.8.0_25.jdk/Contents/Home/jre/lib/jsse.jar:/Library/Java/JavaVirtualMachines/jdk1.8.0_25.jdk/Contents/Home/jre/lib/jce.jar:/Library/Java/JavaVirtualMachines/jdk1.8.0_25.jdk/Contents/Home/jre/lib/charsets.jar:/Library/Java/JavaVirtualMachines/jdk1.8.0_25.jdk/Contents/Home/jre/lib/jfr.jar:/Library/Java/JavaVirtualMachines/jdk1.8.0_25.jdk/Contents/Home/jre/classes"/><property name="java.vendor" value="Oracle Corporation"/><property name="maven.home" value="/Users/deengao/Desktop/maven"/><property name="file.separator" value="/"/><property name="java.vendor.url.bug" value="http://bugreport.sun.com/bugreport/"/><property name="sun.io.unicode.encoding" value="UnicodeBig"/><property name="sun.cpu.endian" value="little"/><property name="socksNonProxyHosts" value="local|*.local|169.254/16|*.169.254/16"/><property name="ftp.nonProxyHosts" value="local|*.local|169.254/16|*.169.254/16"/><property name="sun.cpu.isalist" value=""/><property name="init.svc.prepare-mobicore" value="stopped"/><property name="keyguard.no_require_sim" value="true"/><property name="boot.fps" value="25"/><property name="init.svc.qseecomd" value="running"/><property name="media.stagefright.enable-aac" value="true"/><property name="ro.product.locale.region" value="GB"/><property name="net.tcp.buffersize.default" value="4096,87380,110208,4096,16384,110208"/><property name="init.svc.prepare_param" value="stopped"/><property name="persist.sys.setupwizard" value="FINISH"/><property name="ro.product.name" value="jfltezh"/><property name="ro.qualcomm.cabl" value="0"/><property name="ro.config.tima" value="1"/><property name="dev.kies.sommode" value="TRUE"/><property name="persist.sys.flipfontpath" value="default"/><property name="init.svc.kickstart" value="running"/><property name="ro.setupwizard.mode" value="OPTIONAL"/><property name="ro.com.google.gmsversion" value="4.4.2_r1"/><property name="sys.knox.zygote.containerapps" value="true"/><property name="init.svc.drsd" value="running"/><property name="net.tcp.buffersize.hspa" value="4092,87380,704512,4096,16384,262144"/><property name="ro.debuggable" value="0"/><property name="ro.hwui.drop_shadow_cache_size" value="4"/><property name="ro.serialno" value="3b0d65ef"/><property name="init.svc.rmt_storage" value="stopped"/><property name="ro.secwvk" value="144"/><property name="ro.secure" value="1"/><property name="ro.wifi.channels" value=""/><property name="ro.hwui.shape_cache_size" value="2"/><property name="mpq.audio.decode" value="true"/><property name="ril.approved_codever" value="none"/><property name="ro.bluetooth.remote.autoconnect" value="true"/><property name="ro.factorytest" value="0"/><property name="ril.CompleteMsg" value="01"/><property name="ro.chipname" value="apq8064"/><property name="init.svc.media" value="running"/><property name="ro.config.timaversion" value="2.0"/><property name="ril.atd_status" value="1_1_0"/><property name="ro.config.knox" value="1"/><property name="init.svc.qcamerasvr" value="running"/><property name="ro.hwui.text_large_cache_width" value="2048"/><property name="init.svc.usf-post-boot" value="stopped"/><property name="ro.adb.secure" value="1"/><property name="persist.audio.hphonesysvolume" value="4"/><property name="init.svc.debuggerd" value="running"/><property name="init.svc.ueventd" value="running"/><property name="ro.boot.emmc_checksum" value="3"/><property name="ro.hwui.gradient_cache_size" value="1"/><property name="debug.sf.layerdump" value="0"/><property name="init.svc.servicemanager" value="running"/><property name="init.svc.DR-daemon" value="running"/><property name="ro.bluetooth.sap" value="true"/><property name="persist.sys.dalvik.vm.lib" value="libdvm.so"/><property name="ro.build.hidden_ver" value="I9505ZHUFNB3"/><property name="ro.warranty_bit" value="0"/><property name="dalvik.vm.stack-trace-file" value="/data/anr/traces.txt"/><property name="dhcp.wlan0.vendorInfo" value=""/><property name="persist.data.netmgrd.qos.enable" value="false"/><property name="ro.build.version.release" value="4.4.2"/><property name="ro.security.mdpp.ux" value="Enabled"/><property name="dhcp.wlan0.gateway" value="10.211.63.254"/><property name="ro.vendor.extension_library" value="/vendor/lib/libqc-opt.so"/><property name="security.mdpp" value="Ready"/><property name="gsm.network.type" value="Unknown:0"/><property name="init.svc.imsdatadaemon" value="restarting"/><property name="media.stagefright.enable-fma2dp" value="true"/><property name="persist.audio.allsoundmute" value="0"/><property name="init.svc.modem-sh" value="stopped"/><property name="ro.config.alarm_alert" value="Walk_in_the_forest.ogg"/><property name="ro.qc.sdk.izat.premium_enabled" value="1"/><property name="debug.mdpcomp.logs" value="0"/><property name="ro.debug_level" value="0x4f4c"/><property name="media.stagefright.enable-qcp" value="true"/><property name="ro.securestorage.support" value="true"/><property name="persist.sys.profiler_ms" value="0"/><property name="net.qtaguid_enabled" value="1"/><property name="init.svc.containersetup" value="stopped"/><property name="init.svc.SIDESYNC_service" value="running"/><property name="init.svc.ssr_diag" value="restarting"/><property name="ro.crypto.state" value="unencrypted"/><property name="sys.boot_completed" value="1"/><property name="boot.sfbootcomplete" value="1"/><property name="ro.hwui.layer_cache_size" value="32"/><property name="init.svc.at_distributor" value="running"/><property name="net.tcp.buffersize.hspap" value="4092,87380,704512,4096,16384,262144"/><property name="init.svc.qcom-c_core-sh" value="stopped"/><property name="init.svc.p2p_supplicant" value="running"/><property name="ro.hwui.path_cache_size" value="8"/><property name="init.svc.adbd" value="running"/><property name="ro.qc.sdk.izat.service_mask" value="0x5"/><property name="ril.RildInit" value="1"/><property name="ro.boot.boot_recovery" value="0"/><property name="init.svc.qcom-sh" value="stopped"/><property name="ril.serialnumber" value="RF1D769RBHD"/><property name="ro.crypto.fuse_sdcard" value="true"/><property name="init.svc.mpdecision" value="running"/><property name="dev.ssrm.init" value="1"/><property name="init.svc.qrngd" value="running"/><property name="init.svc.immvibed" value="stopped"/><property name="media.stagefright.enable-player" value="true"/><property name="persist.sys.storage_preload" value="2"/><property name="ril.product_code" value="GT-I9505ZKATGY"/><property name="dhcp.wlan0.result" value="ok"/><property name="dhcp.wlan0.domain" value=""/><property name="ril.modem.board" value="MDM9215M"/><property name="ro.boot_recovery" value="0"/><property name="init.svc.freshsebool" value="stopped"/><property name="net.tcp.buffersize.wifi" value="524288,1048576,2097152,262144,524288,1048576"/><property name="net.tcp.buffersize.umts" value="4094,87380,704512,4096,16384,110208"/><property name="af.resampler.quality" value="255"/><property name="init.svc.auditd" value="running"/><property name="net.tcp.buffersize.lte" value="524288,1048576,2560000,262144,524288,1220608"/><property name="ro.boot.serialno" value="3b0d65ef"/><property name="dhcp.wlan0.leasetime" value="900"/><property name="service.camera.running" value="0"/><property name="ro.csc.countryiso_code" value="HK"/><property name="ro.bootloader" value="I9505ZHUFNB3"/><property name="init.svc.sdumpstate" value="stopped"/><property name="net.hostname" value="android-8b6e6ffe1d1727d1"/><property name="ro.build.display.id" value="KOT49H.I9505ZHUFNB3"/><property name="ro.build.user" value="dpi"/><property name="sys.dumpstate.opt" value="-k -t -z -d -o /data/log/dumpstate_app_error"/><property name="persist.sys.camera.transform" value="0"/><property name="ril.subscription.types" value="NV,RUIM"/><property name="ro.hwui.text_small_cache_width" value="1024"/><property name="init.svc.netd" value="running"/><property name="init.svc.thermal-engine" value="running"/><property name="persist.debug.wfd.enable" value="1"/><property name="sys.usb.config" value="mtp,adb"/><property name="ro.bluetooth.hfp.ver" value="1.6"/><property name="init.svc.powersnd" value="stopped"/><property name="ril.sales_code" value="TGY"/><property name="debug.composition.type" value="c2d"/><property name="ro.boot.nvdata_backup" value="0"/><property name="persist.sys.wfd.virtual" value="0"/><property name="ro.build.tags" value="release-keys"/><property name="ro.qc.sdk.audio.fluencetype" value="none"/><property name="ro.config.notification_sound" value="S_Whistle.ogg"/><property name="mm.enable.qcom_parser" value="33395"/><property name="ro.qualcomm.bluetooth.pbap" value="true"/><property name="ril.ICC_TYPE" value="0"/><property name="dev.knoxapp.running" value="false"/><property name="ro.build.selinux" value="1"/><property name="ro.gps.agps_provider" value="1"/><property name="init.svc.qmuxd" value="running"/><property name="ro.hdcp2.rx" value="tz"/><property name="sys.shutdown.fastboot" value="false"/><property name="init.svc.qcom-post-boot" value="stopped"/><property name="persist.radio.icc.cb.list" value=""/><property name="ro.fuse_sdcard" value="true"/><property name="ro.qualcomm.bluetooth.hfp" value="true"/><property name="gsm.current.phone-type" value="1"/><property name="init.svc.edmaudit" value="running"/><property name="init.svc.BCS-daemon" value="running"/><property name="ril.ecclist" value="911,*911,#911,112,000,08,110,999,118,119"/><property name="ro.product_ship" value="true"/><property name="ro.boot.emmc" value="true"/><property name="ril.ecclist0" value="112,911,999,000,08,110,118,119"/><property name="dhcp.wlan0.roaming" value="0"/><property name="dhcp.wlan0.server" value="192.168.0.1"/><property name="ro.csc.country_code" value="Hong Kong"/><property name="persist.audio.lowlatency.rec" value="false"/><property name="init.svc.rtccd" value="stopped"/><property name="ro.build.id" value="KOT49H"/><property name="ril.cs_svc" value="1"/><property name="persist.radio.add_power_save" value="1"/><property name="ro.boot.hardware" value="qcom"/><property name="ro.carrier" value="unknown"/><property name="init.svc.irsc_util" value="stopped"/><property name="init.svc.run-mobicore" value="running"/><property name="ro.build.type" value="user"/><property name="ro.com.google.clientidbase" value="android-samsung"/><property name="media.aac_51_output_enabled" value="true"/><property name="ro.use_data_netmgrd" value="true"/><property name="persist.sys.usb.config" value="mtp,adb"/><property name="ro.build.version.sdk" value="19"/><property name="persist.rild.nitz_short_ons_3" value=""/><property name="persist.rild.nitz_short_ons_2" value=""/><property name="persist.rild.nitz_short_ons_1" value=""/><property name="persist.rild.nitz_short_ons_0" value=""/><property name="ro.csc.sales_code" value="TGY"/><property name="ro.security.mdpp.ver" value="1.0"/><property name="ro.build.selinux.enforce" value="1"/><property name="ro.build.date" value="Sat Feb 22 15:07:34 KST 2014"/><property name="media.stagefright.enable-http" value="true"/><property name="init.svc.macloader" value="stopped"/><property name="persist.hwc.mdpcomp.enable" value="true"/><property name="ro.hwui.text_cache_width" value="2048"/><property name="ro.hwui.text_large_cache_height" value="1024"/><property name="sys.mobicoredaemon.enable" value="true"/><property name="ro.allow.mock.location" value="0"/><property name="ro.sf.lcd_density" value="480"/><property name="ro.hdmi.enable" value="true"/><property name="persist.audio.ringermode" value="2"/><property name="debug.force_rtl" value="0"/><property name="ro.product.cpu.abi2" value="armeabi"/><property name="init.svc.cnd" value="running"/><property name="installd.sdcard_manipulate_done" value="1"/><property name="net.change" value="net.dns2"/><property name="ro.lcd_min_brightness" value="10"/><property name="ro.product.device" value="jflte"/><property name="ro.qualcomm.bluetooth.opp" value="true"/><property name="ro.sec.fle.encryption" value="true"/><property name="dalvik.vm.heapminfree" value="2m"/><property name="dhcp.wlan0.mtu" value=""/><property name="sys.pwrcntl.decision.change" value="0"/><property name="ro.qc.sdk.gestures.camera" value="false"/><property name="wlan.driver.status" value="ok"/><property name="ro.build.version.codename" value="REL"/><property name="sys.settings_system_version" value="322"/><property name="persist.radio.icc.cb.count" value="0"/><property name="security.mdpp.result" value="None"/><property name="persist.radio.eons.enabled" value="false"/><property name="ro.revision" value="11"/><property name="init.svc.TvoutService_C" value="running"/><property name="persist.audio.fluence.mode" value="endfire"/><property name="init.svc.imsqmidaemon" value="running"/><property name="ro.bootmode" value="unknown"/><property name="persist.radio.use_se_table_only" value="1"/><property name="ro.build.changelist" value="805641"/><property name="persist.radio.prefer_spn" value="0"/><property name="wifi.interface" value="wlan0"/><property name="ro.product.board" value="MSM8960"/><property name="ro.cp_debug_level" value="0x55FF"/><property name="gsm.version.ril-impl" value="Samsung RIL v3.0"/><property name="init.svc.drm" value="running"/><property name="ril.hw_ver" value="MP 0.901"/><property name="DEVICE_PROVISIONED" value="1"/><property name="init.svc.config_bluetooth" value="stopped"/><property name="ro.build.scafe" value="americano"/><property name="ro.ril.svdo" value="false"/><property name="init.svc.sdcard" value="stopped"/><property name="init.svc.qcom-usb-sh" value="stopped"/><property name="ro.boot.debug_level" value="0x4f4c"/><property name="tunnel.audiovideo.decode" value="false"/><property name="ril.sw_ver" value="I9505ZHUFNB3"/><property name="ro.build.characteristics" value="default"/><property name="dalvik.vm.heaptargetutilization" value="0.75"/><property name="persist.rmnet.mux" value="disabled"/><property name="persist.radio.apm_sim_not_pwdn" value="1"/><property name="dalvik.vm.heapstartsize" value="8m"/><property name="persist.rild.nitz_long_ons_1" value=""/><property name="persist.rild.nitz_long_ons_2" value=""/><property name="ril.radiostate" value="10"/><property name="persist.rild.nitz_long_ons_3" value=""/><property name="init.svc.wcnss-service" value="stopped"/><property name="persist.rild.nitz_long_ons_0" value=""/><property name="ro.bt.bdaddr_path" value="/efs/bluetooth/bt_addr"/><property name="ro.baseband" value="mdm"/><property name="ro.build.fingerprint" value="samsung/jfltezh/jflte:4.4.2/KOT49H/I9505ZHUFNB3:user/release-keys"/><property name="ril.approved_cscver" value="none"/><property name="persist.radio.adb_log_on" value="1"/><property name="dhcp.wlan0.mask" value="255.255.192.0"/><property name="persist.rild.nitz_plmn" value=""/><property name="init.svc.sensorhubservice" value="running"/><property name="init.svc.flash_recovery" value="stopped"/><property name="ro.hardware" value="qcom"/><property name="init.svc.keystore" value="running"/><property name="persist.sys.localevar" value=""/><property name="ril.approved_modemver" value="none"/><property name="init.svc.iprenew_wlan0" value="stopped"/><property name="ro.build.date.utc" value="1393049254"/><property name="init.svc.time_daemon" value="running"/><property name="ro.qualcomm.bluetooth.map" value="true"/><property name="ro.runtime.firstboot" value="1422433287357"/><property name="ro.config.ehrpd" value="true"/><property name="init.svc.zygote" value="running"/><property name="init.svc.surfaceflinger" value="running"/><property name="ro.qualcomm.bluetooth.ftp" value="true"/><property name="init.svc.atfwd" value="stopped"/><property name="sys.factory.mediaScanningCount" value="115"/><property name="net.tcp.buffersize.edge" value="4093,26280,35040,4096,16384,35040"/><property name="ril.servicestate" value="2"/><property name="ro.build.scafe.size" value="short"/><property name="selinux.reload_policy" value="1"/><property name="init.svc.vold" value="running"/><property name="ro.kernel.qemu" value="0"/><property name="debug.enable.wl_log" value="1"/><property name="persist.sys.country" value="GB"/><property name="init.svc.diag_uart_log" value="running"/><property name="persist.timed.enable" value="true"/><property name="persist.radio.lteon" value="true"/><property name="init.svc.container" value="stopped"/><property name="dalvik.vm.heapmaxfree" value="8m"/><property name="net.bt.name" value="Android"/><property name="ro.ril.transmitpower" value="true"/><property name="ro.product.brand" value="samsung"/><property name="init.svc.scranton_RD" value="stopped"/><property name="gsm.operator.alpha" value=""/><property name="ro.telephony.call_ring.multiple" value="false"/><property name="ro.product.model" value="GT-I9505"/><property name="sys.settings_secure_version" value="11"/><property name="sys.ims.QMI_DAEMON_STATUS" value="1"/><property name="ro.nvdata_backup" value="0"/><property name="init.svc.ppd" value="running"/><property name="persist.sys.clssprld2" value="772"/><property name="ro.streaming.video.drs" value="true"/><property name="persist.sys.clssprld1" value="674"/><property name="gsm.operator.isroaming" value="false"/><property name="ro.qc.sdk.sensors.gestures" value="false"/><property name="ro.hwui.texture_cache_size" value="48"/><property name="persist.sys.timezone" value="Asia/Hong_Kong"/><property name="hw.cabl.yuv" value="0"/><property name="persist.audio.sysvolume" value="4"/><property name="ril.deviceOffRes" value="0"/><property name="ro.qualcomm.bluetooth.hsp" value="true"/><property name="qcom.hw.aac.encoder" value="true"/><property name="ro.csb_val" value="1"/><property name="persist.cne.feature" value="0"/><property name="service.bootanim.exit" value="0"/><property name="init.svc.icd" value="stopped"/><property name="rild.libargs" value="-d /dev/smd0"/><property name="ro.qc.sdk.audio.ssr" value="false"/><property name="tunnel.decode" value="true"/><property name="init.svc.mobex-daemon" value="running"/><property name="hw.cabl.version" value="1.1.20130401"/><property name="wlan.wfd.status" value="disconnected"/><property name="lpa.use-stagefright" value="true"/><property name="debug.sf.hw" value="1"/><property name="dalvik.vm.heapsize" value="512m"/><property name="dev.MDPLimitCondition" value="0"/><property name="gsm.version.baseband" value="I9505ZHUFNB3"/><property name="secmm.player.disabledivx" value="False"/><property name="persist.audio.handset.mic" value="digital"/><property name="ro.warmboot.capability" value="1"/><property name="init.svc.secure_storage" value="running"/><property name="ro.product.locale.language" value="en"/><property name="ro.build.PDA" value="I9505ZHUFNB3"/><property name="ro.emmc_checksum" value="3"/><property name="persist.audio.headsetsysvolume" value="4"/><property name="ro.hwui.text_small_cache_height" value="512"/><property name="sys.settings_global_version" value="1"/><property name="service.media.powersnd" value="1"/><property name="ril.official_cscver" value="I9505ZZHFNB3"/><property name="persist.audio.vr.enable" value="false"/><property name="net.tcp.buffersize.hsupa" value="4092,87380,704512,4096,16384,262144"/><property name="ro.qc.sdk.camera.facialproc" value="true"/><property name="gsm.sim.state" value="ABSENT"/><property name="hw.cabl.level" value="Auto"/><property name="dev.ssrm.pst" value="354"/><property name="dhcp.wlan0.reason" value="RENEW"/><property name="init.svc.healthd" value="running"/><property name="ro.nfc.port" value="I2C"/><property name="gsm.operator.iso-country" value="hk"/><property name="ril.timezoneID" value="Asia/Hong_Kong"/><property name="ro.boot.warranty_bit" value="0"/><property name="ro.qualcomm.bluetooth.nap" value="true"/><property name="ro.boot.baseband" value="mdm"/><property name="dalvik.vm.heapgrowthlimit" value="128m"/><property name="persist.radio.initphone-type" value="1"/><property name="debug.egl.hw" value="1"/><property name="net.tcp.buffersize.gprs" value="4092,8760,11680,4096,8760,11680"/><property name="ro.bluetooth.request.master" value="true"/><property name="lpa.decode" value="false"/><property name="sys.sysctl.extra_free_kbytes" value="24300"/><property name="ro.config.media_sound" value="Media_preview_Touch_the_light.ogg"/><property name="init.svc.dhcpcd_wlan0" value="running"/><property name="net.tcp.buffersize.evdo" value="4094,87380,262144,4096,16384,262144"/><property name="dev.ssrm.mode" value=""/><property name="init.svc.installd" value="running"/><property name="ro.qualcomm.bt.hci_transport" value="smd"/><property name="persist.gps.qmienabled" value="true"/><property name="ro.product.manufacturer" value="samsung"/><property name="persist.sys.language" value="en"/><property name="debug.mdpcomp.idletime" value="0"/><property name="net.dns1" value="203.112.82.6"/><property name="net.dns2" value="203.112.82.7"/><property name="dhcp.wlan0.ipaddress" value="10.211.23.147"/><property name="net.dns3" value=""/><property name="sys.usb.state" value="mtp,adb"/><property name="ro.error.receiver.default" value="com.samsung.receiver.error"/><property name="init.svc.bootanim" value="stopped"/><property name="ro.board.platform" value="msm8960"/><property name="dhcp.wlan0.dns4" value=""/><property name="persist.radio.fill_eons" value="1"/><property name="ril.rfcal_date" value="2013.07.24"/><property name="ro.lcd_brightness" value="143"/><property name="dhcp.wlan0.dns1" value="203.112.82.6"/><property name="dhcp.wlan0.dns3" value=""/><property name="qcom.audio.init" value="complete"/><property name="dhcp.wlan0.dns2" value="203.112.82.7"/><property name="ro.product.cpu.abi" value="armeabi-v7a"/><property name="ro.build.product" value="jflte"/><property name="sys.qseecomd.enable" value="true"/><property name="ro.build.description" value="jfltezh-user 4.4.2 KOT49H I9505ZHUFNB3 release-keys"/><property name="ro.build.scafe.shot" value="single"/><property name="persist.fuse_sdcard" value="true"/><property name="persist.sys.screen.rotation.Off" value="-1"/><property name="ro.build.version.incremental" value="I9505ZHUFNB3"/><property name="dev.kiessupport" value="TRUE"/><property name="net.tcp.buffersize.hsdpa" value="4092,87380,704512,4096,16384,110208"/><property name="ro.com.android.dateformat" value="MM-dd-yyyy"/><property name="ro.config.ringtone" value="S_Over_the_horizon.ogg"/><property name="dhcp.wlan0.pid" value="31754"/><property name="persist.sys.videomode" value="0"/><property name="persist.sys.camera.connect" value="0"/><property name="ro.build.host" value="SWDD3914"/><property name="ro.ril.svlte1x" value="false"/><property name="ro.security.mdpp.release" value="2"/><property name="gsm.operator.numeric" value="45419"/><property name="media.enable-commonsource" value="true"/><property name="persist.gps.qc_nlp_in_use" value="0"/><property name="ro.opengles.version" value="196608"/><property name="vold.post_fs_data_done" value="1"/><property name="init.svc.ril-daemon" value="running"/><property name="rild.libpath" value="/system/lib/libsec-ril.so"/><property name="ro.boot.csb_val" value="1"/><property name="mmp.enable.3g2" value="true"/><property name="media.stagefright.enable-scan" value="true"/><property name="ro.boot.bootloader" value="I9505ZHUFNB3"/><property name="ro.emmc" value="true"/><property name="telephony.lteOnCdmaDevice" value="0"/><property name="dev.bootcomplete" value="1"/><property name="ro.boot.cp_debug_level" value="0x55FF"/><property name="storage.mmc.size" value="15758000128"/></properties><testcase classname="com.example.apptest.test.UITestApp" name="testUIClick" time="2.1140"/><testcase classname="com.example.apptest.test.UITestApp" name="testUIEnter" time="2.9190"/><testcase classname="test.java.com.example.apptest.MainTest" name="testMethod" time="0.0010"/><testcase classname="test.java.com.example.apptest.MainTest" name="testMethod2" time="0.0000"/></testsuite></testsuites>